0 info it worked if it ends with ok
1 verbose cli [ 'C:\\Program Files\\nodejs\\node.exe',
1 verbose cli   'C:\\Users\\jiggermix\\AppData\\Roaming\\npm\\node_modules\\npm\\bin\\npm-cli.js',
1 verbose cli   'install',
1 verbose cli   '--save',
1 verbose cli   'warp-sdk-js' ]
2 info using npm@3.8.5
3 info using node@v4.4.4
4 silly loadCurrentTree Starting
5 silly install loadCurrentTree
6 silly install readLocalPackageData
7 silly fetchPackageMetaData warp-sdk-js
8 silly fetchNamedPackageData warp-sdk-js
9 silly mapToRegistry name warp-sdk-js
10 silly mapToRegistry using default registry
11 silly mapToRegistry registry https://registry.npmjs.org/
12 silly mapToRegistry data Result {
12 silly mapToRegistry   raw: 'warp-sdk-js',
12 silly mapToRegistry   scope: null,
12 silly mapToRegistry   name: 'warp-sdk-js',
12 silly mapToRegistry   rawSpec: '',
12 silly mapToRegistry   spec: 'latest',
12 silly mapToRegistry   type: 'tag' }
13 silly mapToRegistry uri https://registry.npmjs.org/warp-sdk-js
14 verbose request uri https://registry.npmjs.org/warp-sdk-js
15 verbose request no auth needed
16 info attempt registry request try #1 at 9:07:20 PM
17 verbose request using bearer token for auth
18 verbose request id f01d22613f9f8fcd
19 verbose etag "63W8FK30J6YDRK2D76O1LA0Z9"
20 http request GET https://registry.npmjs.org/warp-sdk-js
21 http 304 https://registry.npmjs.org/warp-sdk-js
22 verbose headers { 'cache-control': 'max-age=300',
22 verbose headers   'accept-ranges': 'bytes',
22 verbose headers   date: 'Fri, 23 Sep 2016 13:07:19 GMT',
22 verbose headers   via: '1.1 varnish',
22 verbose headers   connection: 'keep-alive',
22 verbose headers   'x-served-by': 'cache-hkg6820-HKG',
22 verbose headers   'x-cache': 'MISS',
22 verbose headers   'x-cache-hits': '0',
22 verbose headers   'x-timer': 'S1474636039.733989,VS0,VE192',
22 verbose headers   vary: 'Accept-Encoding' }
23 silly get cb [ 304,
23 silly get   { 'cache-control': 'max-age=300',
23 silly get     'accept-ranges': 'bytes',
23 silly get     date: 'Fri, 23 Sep 2016 13:07:19 GMT',
23 silly get     via: '1.1 varnish',
23 silly get     connection: 'keep-alive',
23 silly get     'x-served-by': 'cache-hkg6820-HKG',
23 silly get     'x-cache': 'MISS',
23 silly get     'x-cache-hits': '0',
23 silly get     'x-timer': 'S1474636039.733989,VS0,VE192',
23 silly get     vary: 'Accept-Encoding' } ]
24 verbose etag https://registry.npmjs.org/warp-sdk-js from cache
25 verbose get saving warp-sdk-js to C:\Users\jiggermix\AppData\Roaming\npm-cache\registry.npmjs.org\warp-sdk-js\.cache.json
26 verbose correctMkdir C:\Users\jiggermix\AppData\Roaming\npm-cache correctMkdir not in flight; initializing
27 silly install normalizeTree
28 silly loadCurrentTree Finishing
29 silly loadIdealTree Starting
30 silly install loadIdealTree
31 silly cloneCurrentTree Starting
32 silly install cloneCurrentTreeToIdealTree
33 silly cloneCurrentTree Finishing
34 silly loadShrinkwrap Starting
35 silly install loadShrinkwrap
36 silly loadShrinkwrap Finishing
37 silly loadAllDepsIntoIdealTree Starting
38 silly install loadAllDepsIntoIdealTree
39 silly rollbackFailedOptional Starting
40 silly rollbackFailedOptional Finishing
41 silly runTopLevelLifecycles Starting
42 silly runTopLevelLifecycles Finishing
43 silly install printInstalled
44 verbose stack Error: Refusing to install warp-sdk-js as a dependency of itself
44 verbose stack     at checkSelf (C:\Users\jiggermix\AppData\Roaming\npm\node_modules\npm\lib\install\validate-args.js:53:14)
44 verbose stack     at Array.<anonymous> (C:\Users\jiggermix\AppData\Roaming\npm\node_modules\npm\node_modules\slide\lib\bind-actor.js:15:8)
44 verbose stack     at LOOP (C:\Users\jiggermix\AppData\Roaming\npm\node_modules\npm\node_modules\slide\lib\chain.js:15:14)
44 verbose stack     at chain (C:\Users\jiggermix\AppData\Roaming\npm\node_modules\npm\node_modules\slide\lib\chain.js:20:5)
44 verbose stack     at C:\Users\jiggermix\AppData\Roaming\npm\node_modules\npm\lib\install\validate-args.js:16:5
44 verbose stack     at C:\Users\jiggermix\AppData\Roaming\npm\node_modules\npm\node_modules\slide\lib\async-map.js:52:35
44 verbose stack     at Array.forEach (native)
44 verbose stack     at C:\Users\jiggermix\AppData\Roaming\npm\node_modules\npm\node_modules\slide\lib\async-map.js:52:11
44 verbose stack     at Array.forEach (native)
44 verbose stack     at asyncMap (C:\Users\jiggermix\AppData\Roaming\npm\node_modules\npm\node_modules\slide\lib\async-map.js:51:8)
45 verbose cwd D:\Projects\nodejs\warp-sdk-js
46 error Windows_NT 10.0.14393
47 error argv "C:\\Program Files\\nodejs\\node.exe" "C:\\Users\\jiggermix\\AppData\\Roaming\\npm\\node_modules\\npm\\bin\\npm-cli.js" "install" "--save" "warp-sdk-js"
48 error node v4.4.4
49 error npm  v3.8.5
50 error code ENOSELF
51 error Refusing to install warp-sdk-js as a dependency of itself
52 error If you need help, you may report this error at:
52 error     <https://github.com/npm/npm/issues>
53 verbose exit [ 1, true ]
